;  LST file generated by mikroListExporter - v.2.0 
; Date/Time: 13/08/2024 21:07:35
;----------------------------------------------

;Address Opcode 	ASM
0x0000	0xF000EF0E  	GOTO        28
0x0004	0x0000      	NOP
0x0006	0x0000      	NOP
0x0008	0xF000EF00  	GOTO        0
0x000C	0x0000      	NOP
0x000E	0x0000      	NOP
0x0010	0x0000      	NOP
0x0012	0x0000      	NOP
0x0014	0x0000      	NOP
0x0016	0x0000      	NOP
0x0018	0xD7F3      	BRA         0
_main:
;Projeto2.c,1 :: 		void main(){
;Projeto2.c,2 :: 		cmcon = 7;
0x001C	0x0E07      	MOVLW       7
0x001E	0x6EB4      	MOVWF       CMCON 
;Projeto2.c,3 :: 		porta = 0;      //desliga a porta
0x0020	0x6A80      	CLRF        PORTA 
;Projeto2.c,4 :: 		trisa = 48;     //define as portas que vao operar neste caso RA4 e RA5
0x0022	0x0E30      	MOVLW       48
0x0024	0x6E92      	MOVWF       TRISA 
;Projeto2.c,5 :: 		portc = 0;
0x0026	0x6A82      	CLRF        PORTC 
;Projeto2.c,6 :: 		trisc = 0;
0x0028	0x6A94      	CLRF        TRISC 
;Projeto2.c,7 :: 		adcon1 = 15;
0x002A	0x0E0F      	MOVLW       15
0x002C	0x6EC1      	MOVWF       ADCON1 
;Projeto2.c,8 :: 		portd = 0;
0x002E	0x6A83      	CLRF        PORTD 
;Projeto2.c,9 :: 		trisd = 0;
0x0030	0x6A95      	CLRF        TRISD 
;Projeto2.c,10 :: 		ra3_bit = 1;
0x0032	0x8680      	BSF         RA3_bit, BitPos(RA3_bit+0) 
;Projeto2.c,14 :: 		while(1){
L_main0:
;Projeto2.c,15 :: 		if(ra5_bit == 1){
0x0034	0xAA80      	BTFSS       RA5_bit, BitPos(RA5_bit+0) 
0x0036	0xD006      	BRA         L_main2
;Projeto2.c,16 :: 		while(ra5_bit == 1){
L_main3:
0x0038	0xAA80      	BTFSS       RA5_bit, BitPos(RA5_bit+0) 
0x003A	0xD003      	BRA         L_main4
;Projeto2.c,17 :: 		portc = 1;
0x003C	0x0E01      	MOVLW       1
0x003E	0x6E82      	MOVWF       PORTC 
;Projeto2.c,19 :: 		}
0x0040	0xD7FB      	BRA         L_main3
L_main4:
;Projeto2.c,21 :: 		}else{
0x0042	0xD001      	BRA         L_main5
L_main2:
;Projeto2.c,22 :: 		rc1_bit = 0;
0x0044	0x9282      	BCF         RC1_bit, BitPos(RC1_bit+0) 
;Projeto2.c,23 :: 		}
L_main5:
;Projeto2.c,24 :: 		if (ra4_bit ==1 ){
0x0046	0xA880      	BTFSS       RA4_bit, BitPos(RA4_bit+0) 
0x0048	0xD03E      	BRA         L_main6
;Projeto2.c,26 :: 		portd = 207;
0x004A	0x0ECF      	MOVLW       207
0x004C	0x6E83      	MOVWF       PORTD 
;Projeto2.c,27 :: 		delay_ms(1000);
0x004E	0x0E1A      	MOVLW       26
0x0050	0x6E0B      	MOVWF       R11, 0
0x0052	0x0E5E      	MOVLW       94
0x0054	0x6E0C      	MOVWF       R12, 0
0x0056	0x0E6E      	MOVLW       110
0x0058	0x6E0D      	MOVWF       R13, 0
L_main7:
0x005A	0x2E0D      	DECFSZ      R13, 1, 0
0x005C	0xD7FE      	BRA         L_main7
0x005E	0x2E0C      	DECFSZ      R12, 1, 0
0x0060	0xD7FC      	BRA         L_main7
0x0062	0x2E0B      	DECFSZ      R11, 1, 0
0x0064	0xD7FA      	BRA         L_main7
0x0066	0x0000      	NOP
;Projeto2.c,29 :: 		portd = 91;
0x0068	0x0E5B      	MOVLW       91
0x006A	0x6E83      	MOVWF       PORTD 
;Projeto2.c,30 :: 		delay_ms(1000);
0x006C	0x0E1A      	MOVLW       26
0x006E	0x6E0B      	MOVWF       R11, 0
0x0070	0x0E5E      	MOVLW       94
0x0072	0x6E0C      	MOVWF       R12, 0
0x0074	0x0E6E      	MOVLW       110
0x0076	0x6E0D      	MOVWF       R13, 0
L_main8:
0x0078	0x2E0D      	DECFSZ      R13, 1, 0
0x007A	0xD7FE      	BRA         L_main8
0x007C	0x2E0C      	DECFSZ      R12, 1, 0
0x007E	0xD7FC      	BRA         L_main8
0x0080	0x2E0B      	DECFSZ      R11, 1, 0
0x0082	0xD7FA      	BRA         L_main8
0x0084	0x0000      	NOP
;Projeto2.c,32 :: 		portd = 6;
0x0086	0x0E06      	MOVLW       6
0x0088	0x6E83      	MOVWF       PORTD 
;Projeto2.c,33 :: 		delay_ms(1000);
0x008A	0x0E1A      	MOVLW       26
0x008C	0x6E0B      	MOVWF       R11, 0
0x008E	0x0E5E      	MOVLW       94
0x0090	0x6E0C      	MOVWF       R12, 0
0x0092	0x0E6E      	MOVLW       110
0x0094	0x6E0D      	MOVWF       R13, 0
L_main9:
0x0096	0x2E0D      	DECFSZ      R13, 1, 0
0x0098	0xD7FE      	BRA         L_main9
0x009A	0x2E0C      	DECFSZ      R12, 1, 0
0x009C	0xD7FC      	BRA         L_main9
0x009E	0x2E0B      	DECFSZ      R11, 1, 0
0x00A0	0xD7FA      	BRA         L_main9
0x00A2	0x0000      	NOP
;Projeto2.c,35 :: 		portd = 63;
0x00A4	0x0E3F      	MOVLW       63
0x00A6	0x6E83      	MOVWF       PORTD 
;Projeto2.c,36 :: 		delay_ms(1000);
0x00A8	0x0E1A      	MOVLW       26
0x00AA	0x6E0B      	MOVWF       R11, 0
0x00AC	0x0E5E      	MOVLW       94
0x00AE	0x6E0C      	MOVWF       R12, 0
0x00B0	0x0E6E      	MOVLW       110
0x00B2	0x6E0D      	MOVWF       R13, 0
L_main10:
0x00B4	0x2E0D      	DECFSZ      R13, 1, 0
0x00B6	0xD7FE      	BRA         L_main10
0x00B8	0x2E0C      	DECFSZ      R12, 1, 0
0x00BA	0xD7FC      	BRA         L_main10
0x00BC	0x2E0B      	DECFSZ      R11, 1, 0
0x00BE	0xD7FA      	BRA         L_main10
0x00C0	0x0000      	NOP
;Projeto2.c,38 :: 		portc  = 0;
0x00C2	0x6A82      	CLRF        PORTC 
;Projeto2.c,40 :: 		ra3_bit = 0;
0x00C4	0x9680      	BCF         RA3_bit, BitPos(RA3_bit+0) 
;Projeto2.c,42 :: 		}
L_main6:
;Projeto2.c,44 :: 		}
0x00C6	0xD7B6      	BRA         L_main0
;Projeto2.c,47 :: 		}
L_end_main:
0x00C8	0xD7FF      	BRA         $+0
; end of _main
Symbol List:
//** Routines locations **
//ADDRESS    SIZE    PROCEDURE
//----------------------------------------------
0x001C     [174]    _main
//** Variables locations ** 
//ADDRESS    SIZE    VARIABLE
//----------------------------------------------
0x0000       [1]    R0
0x0001       [1]    R1
0x0002       [1]    R2
0x0003       [1]    R3
0x0004       [1]    R4
0x0005       [1]    R5
0x0006       [1]    R6
0x0007       [1]    R7
0x0008       [1]    R8
0x0009       [1]    R9
0x000A       [1]    R10
0x000B       [1]    R11
0x000C       [1]    R12
0x000D       [1]    R13
0x000E       [1]    R14
0x000F       [1]    R15
0x0010       [1]    R16
0x0011       [1]    R17
0x0012       [1]    R18
0x0013       [1]    R19
0x0014       [1]    R20
0x0F80       [0]    RA4_bit
0x0F80       [0]    RA3_bit
0x0F80       [1]    PORTA
0x0F80       [0]    RA5_bit
0x0F82       [1]    PORTC
0x0F82       [0]    RC1_bit
0x0F83       [1]    PORTD
0x0F92       [1]    TRISA
0x0F94       [1]    TRISC
0x0F95       [1]    TRISD
0x0FB4       [1]    CMCON
0x0FC1       [1]    ADCON1
0x0FD8       [1]    STATUS
0x0FD9       [1]    FSR2L
0x0FDA       [1]    FSR2H
0x0FDE       [1]    POSTINC2
0x0FE0       [1]    BSR
0x0FE1       [1]    FSR1L
0x0FE2       [1]    FSR1H
0x0FE4       [1]    PREINC1
0x0FE6       [1]    POSTINC1
0x0FE7       [1]    INDF1
0x0FE8       [1]    WREG
0x0FE9       [1]    FSR0L
0x0FEA       [1]    FSR0H
0x0FEE       [1]    POSTINC0
0x0FF3       [1]    PRODL
0x0FF4       [1]    PRODH
0x0FF5       [1]    TABLAT
0x0FF6       [1]    TBLPTRL
0x0FF7       [1]    TBLPTRH
0x0FF8       [1]    TBLPTRU
