;  LST file generated by mikroListExporter - v.2.0 
; Date/Time: 23/09/2024 19:32:38
;----------------------------------------------

;Address Opcode 	ASM
0x0000	0xF001EF3D  	GOTO        634
0x0004	0x0000      	NOP
0x0006	0x0000      	NOP
0x0008	0xF000EF00  	GOTO        0
0x000C	0x0000      	NOP
0x000E	0x0000      	NOP
0x0010	0x0000      	NOP
0x0012	0x0000      	NOP
0x0014	0x0000      	NOP
0x0016	0x0000      	NOP
0x0018	0xD7F3      	BRA         0
_Delay_50us:
;__Lib_Delays.c,19 :: 		void Delay_50us() {
;__Lib_Delays.c,20 :: 		Delay_us(50);
0x001C	0x0E21      	MOVLW       33
0x001E	0x6E0D      	MOVWF       R13, 0
L_Delay_50us2:
0x0020	0x2E0D      	DECFSZ      R13, 1, 0
0x0022	0xD7FE      	BRA         L_Delay_50us2
;__Lib_Delays.c,21 :: 		}
L_end_Delay_50us:
0x0024	0x0012      	RETURN      0
; end of _Delay_50us
_Delay_5500us:
;__Lib_Delays.c,31 :: 		void Delay_5500us() {
;__Lib_Delays.c,32 :: 		Delay_us(5500);
0x0026	0x0E0F      	MOVLW       15
0x0028	0x6E0C      	MOVWF       R12, 0
0x002A	0x0E47      	MOVLW       71
0x002C	0x6E0D      	MOVWF       R13, 0
L_Delay_5500us5:
0x002E	0x2E0D      	DECFSZ      R13, 1, 0
0x0030	0xD7FE      	BRA         L_Delay_5500us5
0x0032	0x2E0C      	DECFSZ      R12, 1, 0
0x0034	0xD7FC      	BRA         L_Delay_5500us5
0x0036	0x0000      	NOP
0x0038	0x0000      	NOP
;__Lib_Delays.c,33 :: 		}
L_end_Delay_5500us:
0x003A	0x0012      	RETURN      0
; end of _Delay_5500us
_Delay_1us:
;__Lib_Delays.c,7 :: 		void Delay_1us() {
;__Lib_Delays.c,8 :: 		Delay_us(1);
0x003C	0x0000      	NOP
0x003E	0x0000      	NOP
;__Lib_Delays.c,9 :: 		}
L_end_Delay_1us:
0x0040	0x0012      	RETURN      0
; end of _Delay_1us
_Lcd_Cmd:
;__Lib_Lcd.c,18 :: 		
;__Lib_Lcd.c,20 :: 		
0x0042	0xBE3A      	BTFSC       FARG_Lcd_Cmd_out_char, 7 
0x0044	0xD002      	BRA         L__Lcd_Cmd21
0x0046	0x9E83      	BCF         LCD_D7, BitPos(LCD_D7+0) 
0x0048	0xD001      	BRA         L__Lcd_Cmd22
L__Lcd_Cmd21:
0x004A	0x8E83      	BSF         LCD_D7, BitPos(LCD_D7+0) 
L__Lcd_Cmd22:
;__Lib_Lcd.c,21 :: 		
0x004C	0xBC3A      	BTFSC       FARG_Lcd_Cmd_out_char, 6 
0x004E	0xD002      	BRA         L__Lcd_Cmd23
0x0050	0x9C83      	BCF         LCD_D6, BitPos(LCD_D6+0) 
0x0052	0xD001      	BRA         L__Lcd_Cmd24
L__Lcd_Cmd23:
0x0054	0x8C83      	BSF         LCD_D6, BitPos(LCD_D6+0) 
L__Lcd_Cmd24:
;__Lib_Lcd.c,22 :: 		
0x0056	0xBA3A      	BTFSC       FARG_Lcd_Cmd_out_char, 5 
0x0058	0xD002      	BRA         L__Lcd_Cmd25
0x005A	0x9A83      	BCF         LCD_D5, BitPos(LCD_D5+0) 
0x005C	0xD001      	BRA         L__Lcd_Cmd26
L__Lcd_Cmd25:
0x005E	0x8A83      	BSF         LCD_D5, BitPos(LCD_D5+0) 
L__Lcd_Cmd26:
;__Lib_Lcd.c,23 :: 		
0x0060	0xB83A      	BTFSC       FARG_Lcd_Cmd_out_char, 4 
0x0062	0xD002      	BRA         L__Lcd_Cmd27
0x0064	0x9883      	BCF         LCD_D4, BitPos(LCD_D4+0) 
0x0066	0xD001      	BRA         L__Lcd_Cmd28
L__Lcd_Cmd27:
0x0068	0x8883      	BSF         LCD_D4, BitPos(LCD_D4+0) 
L__Lcd_Cmd28:
;__Lib_Lcd.c,25 :: 		
0x006A	0xB028      	BTFSC       __Lib_Lcd_cmd_status, BitPos(__Lib_Lcd_cmd_status+0) 
0x006C	0xD002      	BRA         L__Lcd_Cmd29
0x006E	0x8084      	BSF         LCD_RS, BitPos(LCD_RS+0) 
0x0070	0xD001      	BRA         L__Lcd_Cmd30
L__Lcd_Cmd29:
0x0072	0x9084      	BCF         LCD_RS, BitPos(LCD_RS+0) 
L__Lcd_Cmd30:
;__Lib_Lcd.c,28 :: 		
0x0074	0x8284      	BSF         LCD_EN, BitPos(LCD_EN+0) 
;__Lib_Lcd.c,29 :: 		
0x0076	0xDFE2      	RCALL       _Delay_1us
;__Lib_Lcd.c,30 :: 		
0x0078	0x9284      	BCF         LCD_EN, BitPos(LCD_EN+0) 
;__Lib_Lcd.c,33 :: 		
0x007A	0xB63A      	BTFSC       FARG_Lcd_Cmd_out_char, 3 
0x007C	0xD002      	BRA         L__Lcd_Cmd31
0x007E	0x9E83      	BCF         LCD_D7, BitPos(LCD_D7+0) 
0x0080	0xD001      	BRA         L__Lcd_Cmd32
L__Lcd_Cmd31:
0x0082	0x8E83      	BSF         LCD_D7, BitPos(LCD_D7+0) 
L__Lcd_Cmd32:
;__Lib_Lcd.c,34 :: 		
0x0084	0xB43A      	BTFSC       FARG_Lcd_Cmd_out_char, 2 
0x0086	0xD002      	BRA         L__Lcd_Cmd33
0x0088	0x9C83      	BCF         LCD_D6, BitPos(LCD_D6+0) 
0x008A	0xD001      	BRA         L__Lcd_Cmd34
L__Lcd_Cmd33:
0x008C	0x8C83      	BSF         LCD_D6, BitPos(LCD_D6+0) 
L__Lcd_Cmd34:
;__Lib_Lcd.c,35 :: 		
0x008E	0xB23A      	BTFSC       FARG_Lcd_Cmd_out_char, 1 
0x0090	0xD002      	BRA         L__Lcd_Cmd35
0x0092	0x9A83      	BCF         LCD_D5, BitPos(LCD_D5+0) 
0x0094	0xD001      	BRA         L__Lcd_Cmd36
L__Lcd_Cmd35:
0x0096	0x8A83      	BSF         LCD_D5, BitPos(LCD_D5+0) 
L__Lcd_Cmd36:
;__Lib_Lcd.c,36 :: 		
0x0098	0xB03A      	BTFSC       FARG_Lcd_Cmd_out_char, 0 
0x009A	0xD002      	BRA         L__Lcd_Cmd37
0x009C	0x9883      	BCF         LCD_D4, BitPos(LCD_D4+0) 
0x009E	0xD001      	BRA         L__Lcd_Cmd38
L__Lcd_Cmd37:
0x00A0	0x8883      	BSF         LCD_D4, BitPos(LCD_D4+0) 
L__Lcd_Cmd38:
;__Lib_Lcd.c,38 :: 		
0x00A2	0xB028      	BTFSC       __Lib_Lcd_cmd_status, BitPos(__Lib_Lcd_cmd_status+0) 
0x00A4	0xD002      	BRA         L__Lcd_Cmd39
0x00A6	0x8084      	BSF         LCD_RS, BitPos(LCD_RS+0) 
0x00A8	0xD001      	BRA         L__Lcd_Cmd40
L__Lcd_Cmd39:
0x00AA	0x9084      	BCF         LCD_RS, BitPos(LCD_RS+0) 
L__Lcd_Cmd40:
;__Lib_Lcd.c,40 :: 		
0x00AC	0x8284      	BSF         LCD_EN, BitPos(LCD_EN+0) 
;__Lib_Lcd.c,41 :: 		
0x00AE	0xDFC6      	RCALL       _Delay_1us
;__Lib_Lcd.c,42 :: 		
0x00B0	0x9284      	BCF         LCD_EN, BitPos(LCD_EN+0) 
;__Lib_Lcd.c,44 :: 		
0x00B2	0xA028      	BTFSS       __Lib_Lcd_cmd_status, BitPos(__Lib_Lcd_cmd_status+0) 
0x00B4	0xD002      	BRA         L_Lcd_Cmd0
;__Lib_Lcd.c,45 :: 		
0x00B6	0xDFB7      	RCALL       _Delay_5500us
0x00B8	0xD001      	BRA         L_Lcd_Cmd1
L_Lcd_Cmd0:
;__Lib_Lcd.c,47 :: 		
0x00BA	0xDFB0      	RCALL       _Delay_50us
L_Lcd_Cmd1:
;__Lib_Lcd.c,48 :: 		
L_end_Lcd_Cmd:
0x00BC	0x0012      	RETURN      0
; end of _Lcd_Cmd
_Div_8X8_U:
;__Lib_Math.c,77 :: 		
;__Lib_Math.c,84 :: 		
0x00BE	0x6A08      	CLRF        R8, 0
;__Lib_Math.c,85 :: 		
0x00C0	0x0E08      	MOVLW       8
;__Lib_Math.c,86 :: 		
0x00C2	0x6E0C      	MOVWF       R12, 0
;__Lib_Math.c,87 :: 		
0x00C4	0x3400      	RLCF        R0, 0, 0
;__Lib_Math.c,88 :: 		
0x00C6	0x3608      	RLCF        R8, 1, 0
;__Lib_Math.c,89 :: 		
0x00C8	0x5004      	MOVF        R4, 0, 0
;__Lib_Math.c,90 :: 		
0x00CA	0x5E08      	SUBWF       R8, 1, 0
;__Lib_Math.c,91 :: 		
0x00CC	0xB0D8      	BTFSC       STATUS, 0, 0
;__Lib_Math.c,92 :: 		
0x00CE	0xD002      	BRA         $+6
;__Lib_Math.c,93 :: 		
0x00D0	0x2608      	ADDWF       R8, 1, 0
;__Lib_Math.c,94 :: 		
0x00D2	0x90D8      	BCF         STATUS, 0, 0
;__Lib_Math.c,95 :: 		
0x00D4	0x3600      	RLCF        R0, 1, 0
;__Lib_Math.c,96 :: 		
0x00D6	0x2E0C      	DECFSZ      R12, 1, 0
;__Lib_Math.c,97 :: 		
0x00D8	0xD7F5      	BRA         $-20
;__Lib_Math.c,99 :: 		
L_end_Div_8X8_U:
0x00DA	0x0012      	RETURN      0
; end of _Div_8X8_U
_Lcd_Chr_CP:
;__Lib_Lcd.c,50 :: 		
;__Lib_Lcd.c,52 :: 		
0x00DC	0x9028      	BCF         __Lib_Lcd_cmd_status, BitPos(__Lib_Lcd_cmd_status+0) 
;__Lib_Lcd.c,53 :: 		
0x00DE	0xF03AC039  	MOVFF       FARG_Lcd_Chr_CP_out_char, FARG_Lcd_Cmd_out_char
0x00E2	0xDFAF      	RCALL       _Lcd_Cmd
;__Lib_Lcd.c,54 :: 		
0x00E4	0x8028      	BSF         __Lib_Lcd_cmd_status, BitPos(__Lib_Lcd_cmd_status+0) 
;__Lib_Lcd.c,55 :: 		
L_end_Lcd_Chr_CP:
0x00E6	0x0012      	RETURN      0
; end of _Lcd_Chr_CP
_Lcd_Init:
;__Lib_Lcd.c,84 :: 		
;__Lib_Lcd.c,86 :: 		
0x00E8	0x9296      	BCF         LCD_EN_Direction, BitPos(LCD_EN_Direction+0) 
;__Lib_Lcd.c,87 :: 		
0x00EA	0x9096      	BCF         LCD_RS_Direction, BitPos(LCD_RS_Direction+0) 
;__Lib_Lcd.c,88 :: 		
0x00EC	0x9895      	BCF         LCD_D4_Direction, BitPos(LCD_D4_Direction+0) 
;__Lib_Lcd.c,89 :: 		
0x00EE	0x9A95      	BCF         LCD_D5_Direction, BitPos(LCD_D5_Direction+0) 
;__Lib_Lcd.c,90 :: 		
0x00F0	0x9C95      	BCF         LCD_D6_Direction, BitPos(LCD_D6_Direction+0) 
;__Lib_Lcd.c,91 :: 		
0x00F2	0x9E95      	BCF         LCD_D7_Direction, BitPos(LCD_D7_Direction+0) 
;__Lib_Lcd.c,93 :: 		
0x00F4	0x9284      	BCF         LCD_EN, BitPos(LCD_EN+0) 
;__Lib_Lcd.c,94 :: 		
0x00F6	0x9084      	BCF         LCD_RS, BitPos(LCD_RS+0) 
;__Lib_Lcd.c,95 :: 		
0x00F8	0x9E83      	BCF         LCD_D7, BitPos(LCD_D7+0) 
;__Lib_Lcd.c,96 :: 		
0x00FA	0x9C83      	BCF         LCD_D6, BitPos(LCD_D6+0) 
;__Lib_Lcd.c,97 :: 		
0x00FC	0x9A83      	BCF         LCD_D5, BitPos(LCD_D5+0) 
;__Lib_Lcd.c,98 :: 		
0x00FE	0x9883      	BCF         LCD_D4, BitPos(LCD_D4+0) 
;__Lib_Lcd.c,100 :: 		
0x0100	0xDF92      	RCALL       _Delay_5500us
;__Lib_Lcd.c,101 :: 		
0x0102	0xDF91      	RCALL       _Delay_5500us
;__Lib_Lcd.c,102 :: 		
0x0104	0xDF90      	RCALL       _Delay_5500us
;__Lib_Lcd.c,105 :: 		
0x0106	0x8A83      	BSF         LCD_D5, BitPos(LCD_D5+0) 
;__Lib_Lcd.c,106 :: 		
0x0108	0x8883      	BSF         LCD_D4, BitPos(LCD_D4+0) 
;__Lib_Lcd.c,107 :: 		
0x010A	0x8284      	BSF         LCD_EN, BitPos(LCD_EN+0) 
;__Lib_Lcd.c,108 :: 		
0x010C	0xDF97      	RCALL       _Delay_1us
;__Lib_Lcd.c,109 :: 		
0x010E	0x9284      	BCF         LCD_EN, BitPos(LCD_EN+0) 
;__Lib_Lcd.c,110 :: 		
0x0110	0xDF8A      	RCALL       _Delay_5500us
;__Lib_Lcd.c,112 :: 		
0x0112	0x8284      	BSF         LCD_EN, BitPos(LCD_EN+0) 
;__Lib_Lcd.c,113 :: 		
0x0114	0xDF93      	RCALL       _Delay_1us
;__Lib_Lcd.c,114 :: 		
0x0116	0x9284      	BCF         LCD_EN, BitPos(LCD_EN+0) 
;__Lib_Lcd.c,115 :: 		
0x0118	0xDF86      	RCALL       _Delay_5500us
;__Lib_Lcd.c,117 :: 		
0x011A	0x8284      	BSF         LCD_EN, BitPos(LCD_EN+0) 
;__Lib_Lcd.c,118 :: 		
0x011C	0xDF8F      	RCALL       _Delay_1us
;__Lib_Lcd.c,119 :: 		
0x011E	0x9284      	BCF         LCD_EN, BitPos(LCD_EN+0) 
;__Lib_Lcd.c,120 :: 		
0x0120	0xDF82      	RCALL       _Delay_5500us
;__Lib_Lcd.c,123 :: 		
0x0122	0x9883      	BCF         LCD_D4, BitPos(LCD_D4+0) 
;__Lib_Lcd.c,124 :: 		
0x0124	0x8284      	BSF         LCD_EN, BitPos(LCD_EN+0) 
;__Lib_Lcd.c,125 :: 		
0x0126	0xDF8A      	RCALL       _Delay_1us
;__Lib_Lcd.c,126 :: 		
0x0128	0x9284      	BCF         LCD_EN, BitPos(LCD_EN+0) 
;__Lib_Lcd.c,127 :: 		
0x012A	0xDF7D      	RCALL       _Delay_5500us
;__Lib_Lcd.c,130 :: 		
0x012C	0x8284      	BSF         LCD_EN, BitPos(LCD_EN+0) 
;__Lib_Lcd.c,131 :: 		
0x012E	0xDF86      	RCALL       _Delay_1us
;__Lib_Lcd.c,132 :: 		
0x0130	0x9284      	BCF         LCD_EN, BitPos(LCD_EN+0) 
;__Lib_Lcd.c,134 :: 		
0x0132	0x9A83      	BCF         LCD_D5, BitPos(LCD_D5+0) 
;__Lib_Lcd.c,135 :: 		
0x0134	0x8E83      	BSF         LCD_D7, BitPos(LCD_D7+0) 
;__Lib_Lcd.c,136 :: 		
0x0136	0x8284      	BSF         LCD_EN, BitPos(LCD_EN+0) 
;__Lib_Lcd.c,137 :: 		
0x0138	0xDF81      	RCALL       _Delay_1us
;__Lib_Lcd.c,138 :: 		
0x013A	0x9284      	BCF         LCD_EN, BitPos(LCD_EN+0) 
;__Lib_Lcd.c,139 :: 		
0x013C	0xDF74      	RCALL       _Delay_5500us
;__Lib_Lcd.c,142 :: 		
0x013E	0x9E83      	BCF         LCD_D7, BitPos(LCD_D7+0) 
;__Lib_Lcd.c,143 :: 		
0x0140	0x8883      	BSF         LCD_D4, BitPos(LCD_D4+0) 
;__Lib_Lcd.c,144 :: 		
0x0142	0x8284      	BSF         LCD_EN, BitPos(LCD_EN+0) 
;__Lib_Lcd.c,145 :: 		
0x0144	0xDF7B      	RCALL       _Delay_1us
;__Lib_Lcd.c,146 :: 		
0x0146	0x9284      	BCF         LCD_EN, BitPos(LCD_EN+0) 
;__Lib_Lcd.c,148 :: 		
0x0148	0x9883      	BCF         LCD_D4, BitPos(LCD_D4+0) 
;__Lib_Lcd.c,149 :: 		
0x014A	0x8284      	BSF         LCD_EN, BitPos(LCD_EN+0) 
;__Lib_Lcd.c,150 :: 		
0x014C	0xDF77      	RCALL       _Delay_1us
;__Lib_Lcd.c,151 :: 		
0x014E	0x9284      	BCF         LCD_EN, BitPos(LCD_EN+0) 
;__Lib_Lcd.c,152 :: 		
0x0150	0xDF6A      	RCALL       _Delay_5500us
;__Lib_Lcd.c,155 :: 		
0x0152	0x8284      	BSF         LCD_EN, BitPos(LCD_EN+0) 
;__Lib_Lcd.c,156 :: 		
0x0154	0xDF73      	RCALL       _Delay_1us
;__Lib_Lcd.c,157 :: 		
0x0156	0x9284      	BCF         LCD_EN, BitPos(LCD_EN+0) 
;__Lib_Lcd.c,159 :: 		
0x0158	0x8883      	BSF         LCD_D4, BitPos(LCD_D4+0) 
;__Lib_Lcd.c,160 :: 		
0x015A	0x8284      	BSF         LCD_EN, BitPos(LCD_EN+0) 
;__Lib_Lcd.c,161 :: 		
0x015C	0xDF6F      	RCALL       _Delay_1us
;__Lib_Lcd.c,162 :: 		
0x015E	0x9284      	BCF         LCD_EN, BitPos(LCD_EN+0) 
;__Lib_Lcd.c,163 :: 		
0x0160	0xDF62      	RCALL       _Delay_5500us
;__Lib_Lcd.c,166 :: 		
0x0162	0x9883      	BCF         LCD_D4, BitPos(LCD_D4+0) 
;__Lib_Lcd.c,167 :: 		
0x0164	0x8284      	BSF         LCD_EN, BitPos(LCD_EN+0) 
;__Lib_Lcd.c,168 :: 		
0x0166	0xDF6A      	RCALL       _Delay_1us
;__Lib_Lcd.c,169 :: 		
0x0168	0x9284      	BCF         LCD_EN, BitPos(LCD_EN+0) 
;__Lib_Lcd.c,171 :: 		
0x016A	0x8E83      	BSF         LCD_D7, BitPos(LCD_D7+0) 
;__Lib_Lcd.c,172 :: 		
0x016C	0x8C83      	BSF         LCD_D6, BitPos(LCD_D6+0) 
;__Lib_Lcd.c,173 :: 		
0x016E	0x8A83      	BSF         LCD_D5, BitPos(LCD_D5+0) 
;__Lib_Lcd.c,174 :: 		
0x0170	0x8883      	BSF         LCD_D4, BitPos(LCD_D4+0) 
;__Lib_Lcd.c,175 :: 		
0x0172	0x8284      	BSF         LCD_EN, BitPos(LCD_EN+0) 
;__Lib_Lcd.c,176 :: 		
0x0174	0xDF63      	RCALL       _Delay_1us
;__Lib_Lcd.c,177 :: 		
0x0176	0x9284      	BCF         LCD_EN, BitPos(LCD_EN+0) 
;__Lib_Lcd.c,179 :: 		
0x0178	0xDF56      	RCALL       _Delay_5500us
;__Lib_Lcd.c,181 :: 		
0x017A	0x8028      	BSF         __Lib_Lcd_cmd_status, BitPos(__Lib_Lcd_cmd_status+0) 
;__Lib_Lcd.c,182 :: 		
L_end_Lcd_Init:
0x017C	0x0012      	RETURN      0
; end of _Lcd_Init
___CC2DW:
;__Lib_System.c,21 :: 		
;__Lib_System.c,23 :: 		
_CC2DL_Loop1:
;__Lib_System.c,24 :: 		
0x017E	0x0009      	TBLRD*+
;__Lib_System.c,25 :: 		
0x0180	0xFFE6CFF5  	MOVFF       TABLAT, POSTINC1
;__Lib_System.c,26 :: 		
0x0184	0x0600      	DECF        R0, 1, 0
;__Lib_System.c,27 :: 		
0x0186	0xE1FB      	BNZ         _CC2DL_Loop1
;__Lib_System.c,28 :: 		
0x0188	0x0601      	DECF        R1, 1, 0
;__Lib_System.c,29 :: 		
0x018A	0xE1F9      	BNZ         _CC2DL_Loop1
;__Lib_System.c,31 :: 		
L_end___CC2DW:
0x018C	0x0012      	RETURN      0
; end of ___CC2DW
_ByteToStr:
;__Lib_Conversions.c,66 :: 		
;__Lib_Conversions.c,69 :: 		
0x018E	0x6A36      	CLRF        ByteToStr_DigitPos_L0 
L_ByteToStr0:
0x0190	0x0E03      	MOVLW       3
0x0192	0x5C36      	SUBWF       ByteToStr_DigitPos_L0, 0 
0x0194	0xE20A      	BC          L_ByteToStr1
;__Lib_Conversions.c,70 :: 		
0x0196	0x5036      	MOVF        ByteToStr_DigitPos_L0, 0 
0x0198	0x2434      	ADDWF       FARG_ByteToStr_output, 0 
0x019A	0x6EE1      	MOVWF       FSR1L 
0x019C	0x0E00      	MOVLW       0
0x019E	0x2035      	ADDWFC      FARG_ByteToStr_output+1, 0 
0x01A0	0x6EE2      	MOVWF       FSR1L+1 
0x01A2	0x0E20      	MOVLW       32
0x01A4	0x6EE6      	MOVWF       POSTINC1 
;__Lib_Conversions.c,69 :: 		
0x01A6	0x2A36      	INCF        ByteToStr_DigitPos_L0, 1 
;__Lib_Conversions.c,70 :: 		
0x01A8	0xD7F3      	BRA         L_ByteToStr0
L_ByteToStr1:
;__Lib_Conversions.c,72 :: 		
0x01AA	0x5036      	MOVF        ByteToStr_DigitPos_L0, 0 
0x01AC	0x2434      	ADDWF       FARG_ByteToStr_output, 0 
0x01AE	0x6EE1      	MOVWF       FSR1L 
0x01B0	0x0E00      	MOVLW       0
0x01B2	0x2035      	ADDWFC      FARG_ByteToStr_output+1, 0 
0x01B4	0x6EE2      	MOVWF       FSR1L+1 
0x01B6	0x6AE6      	CLRF        POSTINC1 
0x01B8	0x0636      	DECF        ByteToStr_DigitPos_L0, 1 
;__Lib_Conversions.c,74 :: 		
L_ByteToStr3:
;__Lib_Conversions.c,75 :: 		
0x01BA	0x5036      	MOVF        ByteToStr_DigitPos_L0, 0 
0x01BC	0x2434      	ADDWF       FARG_ByteToStr_output, 0 
0x01BE	0x6E37      	MOVWF       FLOC__ByteToStr 
0x01C0	0x0E00      	MOVLW       0
0x01C2	0x2035      	ADDWFC      FARG_ByteToStr_output+1, 0 
0x01C4	0x6E38      	MOVWF       FLOC__ByteToStr+1 
0x01C6	0x0E0A      	MOVLW       10
0x01C8	0x6E04      	MOVWF       R4 
0x01CA	0xF000C033  	MOVFF       FARG_ByteToStr_input, R0
0x01CE	0xDF77      	RCALL       _Div_8X8_U
0x01D0	0xF000C008  	MOVFF       R8, R0
0x01D4	0x0E30      	MOVLW       48
0x01D6	0x2600      	ADDWF       R0, 1 
0x01D8	0xFFE1C037  	MOVFF       FLOC__ByteToStr, FSR1L
0x01DC	0xFFE2C038  	MOVFF       FLOC__ByteToStr+1, FSR1H
0x01E0	0xFFE6C000  	MOVFF       R0, POSTINC1
;__Lib_Conversions.c,76 :: 		
0x01E4	0x0E0A      	MOVLW       10
0x01E6	0x6E04      	MOVWF       R4 
0x01E8	0xF000C033  	MOVFF       FARG_ByteToStr_input, R0
0x01EC	0xDF68      	RCALL       _Div_8X8_U
0x01EE	0xF033C000  	MOVFF       R0, FARG_ByteToStr_input
;__Lib_Conversions.c,77 :: 		
0x01F2	0x5000      	MOVF        R0, 0 
0x01F4	0x0A00      	XORLW       0
0x01F6	0xE101      	BNZ         L_ByteToStr5
;__Lib_Conversions.c,78 :: 		
0x01F8	0xD002      	BRA         L_ByteToStr4
L_ByteToStr5:
;__Lib_Conversions.c,79 :: 		
0x01FA	0x0636      	DECF        ByteToStr_DigitPos_L0, 1 
;__Lib_Conversions.c,80 :: 		
0x01FC	0xD7DE      	BRA         L_ByteToStr3
L_ByteToStr4:
;__Lib_Conversions.c,81 :: 		
L_end_ByteToStr:
0x01FE	0x0012      	RETURN      0
; end of _ByteToStr
_Lcd_Out:
;__Lib_Lcd.c,184 :: 		
;__Lib_Lcd.c,187 :: 		
0x0200	0xD00F      	BRA         L_Lcd_Out11
;__Lib_Lcd.c,188 :: 		
L_Lcd_Out13:
0x0202	0x0E80      	MOVLW       128
0x0204	0x6E33      	MOVWF       FARG_Lcd_Out_row 
0x0206	0xD019      	BRA         L_Lcd_Out12
;__Lib_Lcd.c,189 :: 		
L_Lcd_Out14:
0x0208	0x0EC0      	MOVLW       192
0x020A	0x6E33      	MOVWF       FARG_Lcd_Out_row 
0x020C	0xD016      	BRA         L_Lcd_Out12
;__Lib_Lcd.c,190 :: 		
L_Lcd_Out15:
0x020E	0x0E94      	MOVLW       148
0x0210	0x6E33      	MOVWF       FARG_Lcd_Out_row 
0x0212	0xD013      	BRA         L_Lcd_Out12
;__Lib_Lcd.c,191 :: 		
L_Lcd_Out16:
0x0214	0x0ED4      	MOVLW       212
0x0216	0x6E33      	MOVWF       FARG_Lcd_Out_row 
0x0218	0xD010      	BRA         L_Lcd_Out12
;__Lib_Lcd.c,192 :: 		
L_Lcd_Out17:
0x021A	0x0E80      	MOVLW       128
0x021C	0x6E33      	MOVWF       FARG_Lcd_Out_row 
;__Lib_Lcd.c,193 :: 		
0x021E	0xD00D      	BRA         L_Lcd_Out12
L_Lcd_Out11:
0x0220	0x5033      	MOVF        FARG_Lcd_Out_row, 0 
0x0222	0x0A01      	XORLW       1
0x0224	0xE0EE      	BZ          L_Lcd_Out13
0x0226	0x5033      	MOVF        FARG_Lcd_Out_row, 0 
0x0228	0x0A02      	XORLW       2
0x022A	0xE0EE      	BZ          L_Lcd_Out14
0x022C	0x5033      	MOVF        FARG_Lcd_Out_row, 0 
0x022E	0x0A03      	XORLW       3
0x0230	0xE0EE      	BZ          L_Lcd_Out15
0x0232	0x5033      	MOVF        FARG_Lcd_Out_row, 0 
0x0234	0x0A04      	XORLW       4
0x0236	0xE0EE      	BZ          L_Lcd_Out16
0x0238	0xD7F0      	BRA         L_Lcd_Out17
L_Lcd_Out12:
;__Lib_Lcd.c,194 :: 		
0x023A	0x0434      	DECF        FARG_Lcd_Out_column, 0 
0x023C	0x6E00      	MOVWF       R0 
0x023E	0x5033      	MOVF        FARG_Lcd_Out_row, 0 
0x0240	0x2600      	ADDWF       R0, 1 
0x0242	0xF033C000  	MOVFF       R0, FARG_Lcd_Out_row
;__Lib_Lcd.c,196 :: 		
0x0246	0xF03AC000  	MOVFF       R0, FARG_Lcd_Cmd_out_char
0x024A	0xDEFB      	RCALL       _Lcd_Cmd
;__Lib_Lcd.c,197 :: 		
0x024C	0x9028      	BCF         __Lib_Lcd_cmd_status, BitPos(__Lib_Lcd_cmd_status+0) 
;__Lib_Lcd.c,198 :: 		
0x024E	0x6A37      	CLRF        Lcd_Out_i_L0 
;__Lib_Lcd.c,199 :: 		
L_Lcd_Out18:
0x0250	0x5037      	MOVF        Lcd_Out_i_L0, 0 
0x0252	0x2435      	ADDWF       FARG_Lcd_Out_text, 0 
0x0254	0x6EE9      	MOVWF       FSR0L 
0x0256	0x0E00      	MOVLW       0
0x0258	0x2036      	ADDWFC      FARG_Lcd_Out_text+1, 0 
0x025A	0x6EEA      	MOVWF       FSR0L+1 
0x025C	0x52EE      	MOVF        POSTINC0, 1 
0x025E	0xE00B      	BZ          L_Lcd_Out19
;__Lib_Lcd.c,200 :: 		
0x0260	0x5037      	MOVF        Lcd_Out_i_L0, 0 
0x0262	0x2435      	ADDWF       FARG_Lcd_Out_text, 0 
0x0264	0x6EE9      	MOVWF       FSR0L 
0x0266	0x0E00      	MOVLW       0
0x0268	0x2036      	ADDWFC      FARG_Lcd_Out_text+1, 0 
0x026A	0x6EEA      	MOVWF       FSR0L+1 
0x026C	0xF039CFEE  	MOVFF       POSTINC0, FARG_Lcd_Chr_CP_out_char
0x0270	0xDF35      	RCALL       _Lcd_Chr_CP
0x0272	0x2A37      	INCF        Lcd_Out_i_L0, 1 
0x0274	0xD7ED      	BRA         L_Lcd_Out18
L_Lcd_Out19:
;__Lib_Lcd.c,201 :: 		
0x0276	0x8028      	BSF         __Lib_Lcd_cmd_status, BitPos(__Lib_Lcd_cmd_status+0) 
;__Lib_Lcd.c,202 :: 		
L_end_Lcd_Out:
0x0278	0x0012      	RETURN      0
; end of _Lcd_Out
_main:
0x027A	0xF001EC83  	CALL        774, 0
;LCD.c,45 :: 		void main() {
;LCD.c,47 :: 		lcd_init();
0x027E	0xDF34      	RCALL       _Lcd_Init
;LCD.c,48 :: 		lcd_cmd(_lcd_cursor_off);
0x0280	0x0E0C      	MOVLW       12
0x0282	0x6E3A      	MOVWF       FARG_Lcd_Cmd_out_char 
0x0284	0xDEDE      	RCALL       _Lcd_Cmd
;LCD.c,49 :: 		Lcd_Cmd(_LCD_CLEAR);
0x0286	0x0E01      	MOVLW       1
0x0288	0x6E3A      	MOVWF       FARG_Lcd_Cmd_out_char 
0x028A	0xDEDB      	RCALL       _Lcd_Cmd
;LCD.c,51 :: 		while(out == 1){
L_main0:
0x028C	0x0E00      	MOVLW       0
0x028E	0x1826      	XORWF       _out+1, 0 
0x0290	0xE102      	BNZ         L__main31
0x0292	0x0E01      	MOVLW       1
0x0294	0x1825      	XORWF       _out, 0 
L__main31:
0x0296	0xE12C      	BNZ         L_main1
;LCD.c,100 :: 		lcd_out(1, 1, "Caracter ASCII ");
0x0298	0x0E01      	MOVLW       1
0x029A	0x6E33      	MOVWF       FARG_Lcd_Out_row 
0x029C	0x0E01      	MOVLW       1
0x029E	0x6E34      	MOVWF       FARG_Lcd_Out_column 
0x02A0	0x0E15      	MOVLW       ?lstr1_LCD
0x02A2	0x6E35      	MOVWF       FARG_Lcd_Out_text 
0x02A4	0x0E00      	MOVLW       hi_addr(?lstr1_LCD)
0x02A6	0x6E36      	MOVWF       FARG_Lcd_Out_text+1 
0x02A8	0xDFAB      	RCALL       _Lcd_Out
;LCD.c,101 :: 		lcd_chr_cp(caracter);
0x02AA	0xF039C027  	MOVFF       _caracter, FARG_Lcd_Chr_CP_out_char
0x02AE	0xDF16      	RCALL       _Lcd_Chr_CP
;LCD.c,102 :: 		bytetostr(caracter, txto);
0x02B0	0xF033C027  	MOVFF       _caracter, FARG_ByteToStr_input
0x02B4	0x0E29      	MOVLW       _txto
0x02B6	0x6E34      	MOVWF       FARG_ByteToStr_output 
0x02B8	0x0E00      	MOVLW       hi_addr(_txto)
0x02BA	0x6E35      	MOVWF       FARG_ByteToStr_output+1 
0x02BC	0xDF68      	RCALL       _ByteToStr
;LCD.c,103 :: 		delay_ms(500);
0x02BE	0x0E06      	MOVLW       6
0x02C0	0x6E0B      	MOVWF       R11, 0
0x02C2	0x0E13      	MOVLW       19
0x02C4	0x6E0C      	MOVWF       R12, 0
0x02C6	0x0EAD      	MOVLW       173
0x02C8	0x6E0D      	MOVWF       R13, 0
L_main2:
0x02CA	0x2E0D      	DECFSZ      R13, 1, 0
0x02CC	0xD7FE      	BRA         L_main2
0x02CE	0x2E0C      	DECFSZ      R12, 1, 0
0x02D0	0xD7FC      	BRA         L_main2
0x02D2	0x2E0B      	DECFSZ      R11, 1, 0
0x02D4	0xD7FA      	BRA         L_main2
0x02D6	0x0000      	NOP
0x02D8	0x0000      	NOP
;LCD.c,104 :: 		lcd_out(2, 10, txto);
0x02DA	0x0E02      	MOVLW       2
0x02DC	0x6E33      	MOVWF       FARG_Lcd_Out_row 
0x02DE	0x0E0A      	MOVLW       10
0x02E0	0x6E34      	MOVWF       FARG_Lcd_Out_column 
0x02E2	0x0E29      	MOVLW       _txto
0x02E4	0x6E35      	MOVWF       FARG_Lcd_Out_text 
0x02E6	0x0E00      	MOVLW       hi_addr(_txto)
0x02E8	0x6E36      	MOVWF       FARG_Lcd_Out_text+1 
0x02EA	0xDF8A      	RCALL       _Lcd_Out
;LCD.c,105 :: 		caracter++;
0x02EC	0x2A27      	INCF        _caracter, 1 
;LCD.c,109 :: 		}
0x02EE	0xD7CE      	BRA         L_main0
L_main1:
;LCD.c,115 :: 		}
L_end_main:
0x02F0	0xD7FF      	BRA         $+0
; end of _main
0x0306	0xF015EE10  	LFSR        1, 21
0x030A	0x0E13      	MOVLW       19
0x030C	0x6E00      	MOVWF       R0 
0x030E	0x0E01      	MOVLW       1
0x0310	0x6E01      	MOVWF       R1 
0x0312	0x0EF2      	MOVLW       242
0x0314	0x6EF6      	MOVWF       TBLPTR 
0x0316	0x0E02      	MOVLW       2
0x0318	0x6EF7      	MOVWF       TBLPTRH 
0x031A	0x0E00      	MOVLW       0
0x031C	0x6EF8      	MOVWF       TBLPTRU 
0x031E	0xF000ECBF  	CALL        382, 0
0x0322	0x0012      	RETURN      0
;LCD.c,0 :: ?ICS?lstr1_LCD
0x02F2	0x6143 ;?ICS?lstr1_LCD+0
0x02F4	0x6172 ;?ICS?lstr1_LCD+2
0x02F6	0x7463 ;?ICS?lstr1_LCD+4
0x02F8	0x7265 ;?ICS?lstr1_LCD+6
0x02FA	0x4120 ;?ICS?lstr1_LCD+8
0x02FC	0x4353 ;?ICS?lstr1_LCD+10
0x02FE	0x4949 ;?ICS?lstr1_LCD+12
0x0300	0x0020 ;?ICS?lstr1_LCD+14
; end of ?ICS?lstr1_LCD
;LCD.c,0 :: ?ICS_out
0x0302	0x0000 ;?ICS_out+0
; end of ?ICS_out
;LCD.c,0 :: ?ICS_caracter
0x0304	0x20 ;?ICS_caracter+0
; end of ?ICS_caracter
Symbol List:
//** Routines locations **
//ADDRESS    SIZE    PROCEDURE
//----------------------------------------------
0x001C      [10]    _Delay_50us
0x0026      [22]    _Delay_5500us
0x003C       [6]    _Delay_1us
0x0042     [124]    _Lcd_Cmd
0x00BE      [30]    _Div_8X8_U
0x00DC      [12]    _Lcd_Chr_CP
0x00E8     [150]    _Lcd_Init
0x017E      [16]    ___CC2DW
0x018E     [114]    _ByteToStr
0x0200     [122]    _Lcd_Out
0x027A     [120]    _main
//** Variables locations ** 
//ADDRESS    SIZE    VARIABLE
//----------------------------------------------
0x0000       [1]    R0
0x0001       [1]    ispunct_rslt_L0
0x0001       [1]    __Lib_Conversions_Adjust_Hex_tmp_L0
0x0001       [1]    R1
0x0002       [2]    memcpy_dd_L0
0x0002       [2]    memchr_s_L0
0x0002       [2]    strlen_cp_L0
0x0002       [2]    memset_pp_L0
0x0002       [1]    R2
0x0003       [1]    R3
0x0003       [2]    Ltrim_original_L0
0x0003       [2]    memmove_tt_L0
0x0004       [2]    strcat_cp_L0
0x0004       [2]    strcpy_cp_L0
0x0004       [1]    R4
0x0004       [2]    strncpy_cp_L0
0x0004       [2]    memcpy_ss_L0
0x0004       [2]    strncat_cp_L0
0x0005       [2]    LongIntToHex_input_half_L0
0x0005       [2]    Ltrim_p_L0
0x0005       [2]    LongWordToHex_input_half_L0
0x0005       [2]    memmove_ff_L0
0x0005       [1]    R5
0x0006       [1]    R6
0x0007       [1]    R7
0x0008       [1]    R8
0x0009       [1]    R9
0x000A       [1]    R10
0x000B       [1]    R11
0x000C       [1]    R12
0x000D       [1]    R13
0x000E       [1]    R14
0x000F       [1]    R15
0x0010       [1]    R16
0x0011       [1]    R17
0x0012       [1]    R18
0x0013       [1]    R19
0x0014       [1]    R20
0x0015      [16]    ?lstr1_LCD
0x0025       [2]    _out
0x0027       [1]    _caracter
0x0028       [0]    __Lib_Lcd_cmd_status
0x0029      [10]    _txto
0x0033       [1]    FARG_Lcd_Out_row
0x0033       [1]    FARG_ByteToStr_input
0x0034       [2]    FARG_ByteToStr_output
0x0034       [1]    FARG_Lcd_Out_column
0x0035       [2]    FARG_Lcd_Out_text
0x0036       [1]    ByteToStr_DigitPos_L0
0x0037       [1]    Lcd_Out_i_L0
0x0037       [2]    FLOC__ByteToStr
0x0039       [1]    FARG_Lcd_Chr_CP_out_char
0x003A       [1]    FARG_Lcd_Cmd_out_char
0x0F83       [0]    RD4_bit
0x0F83       [0]    LCD_D6
0x0F83       [0]    LCD_D7
0x0F83       [0]    LCD_D5
0x0F83       [0]    LCD_D4
0x0F83       [0]    RD6_bit
0x0F83       [0]    RD5_bit
0x0F83       [0]    RD7_bit
0x0F84       [0]    RE1_bit
0x0F84       [0]    RE0_bit
0x0F84       [0]    LCD_RS
0x0F84       [0]    LCD_EN
0x0F95       [0]    TRISD7_bit
0x0F95       [0]    LCD_D4_Direction
0x0F95       [0]    TRISD5_bit
0x0F95       [0]    TRISD6_bit
0x0F95       [0]    LCD_D7_Direction
0x0F95       [0]    LCD_D5_Direction
0x0F95       [0]    LCD_D6_Direction
0x0F95       [0]    TRISD4_bit
0x0F96       [0]    LCD_EN_Direction
0x0F96       [0]    TRISE0_bit
0x0F96       [0]    LCD_RS_Direction
0x0F96       [0]    TRISE1_bit
0x0FD8       [1]    STATUS
0x0FD9       [1]    FSR2L
0x0FDA       [1]    FSR2H
0x0FDE       [1]    POSTINC2
0x0FE0       [1]    BSR
0x0FE1       [1]    FSR1L
0x0FE2       [1]    FSR1H
0x0FE4       [1]    PREINC1
0x0FE6       [1]    POSTINC1
0x0FE7       [1]    INDF1
0x0FE8       [1]    WREG
0x0FE9       [1]    FSR0L
0x0FEA       [1]    FSR0H
0x0FEE       [1]    POSTINC0
0x0FF3       [1]    PRODL
0x0FF4       [1]    PRODH
0x0FF5       [1]    TABLAT
0x0FF6       [3]    TBLPTR
0x0FF6       [1]    TBLPTRL
0x0FF7       [1]    TBLPTRH
0x0FF8       [1]    TBLPTRU
//** Constants locations ** 
//ADDRESS    SIZE    CONSTANT
//----------------------------------------------
0x02F2      [16]    ?ICS?lstr1_LCD
0x0302       [2]    ?ICS_out
0x0304       [1]    ?ICS_caracter
